Arguments: 
  C:\Program Files\nodejs\node.exe C:\Users\XL\AppData\Roaming\npm\node_modules\yarn\bin\yarn.js add file-saver --save

PATH: 
  C:\Windows\system32;C:\Windows;C:\Windows\System32\Wbem;C:\Windows\System32\WindowsPowerShell\v1.0\;C:\Windows\System32\OpenSSH\;C:\Program Files (x86)\NVIDIA Corporation\PhysX\Common;C:\Program Files\Intel\WiFi\bin\;C:\Program Files\Common Files\Intel\WirelessCommon\;C:\Program Files\Git\cmd;C:\Program Files\nodejs\;C:\WINDOWS\system32;C:\WINDOWS;C:\WINDOWS\System32\Wbem;C:\WINDOWS\System32\WindowsPowerShell\v1.0\;C:\WINDOWS\System32\OpenSSH\;C:\Program Files\NVIDIA Corporation\NVIDIA NvDLISR;E:\安装包\ios-webkit-debug-proxy-1.8-win64-bin;C:\Users\XL\AppData\Local\Microsoft\WindowsApps;C:\Program Files\Intel\WiFi\bin\;C:\Program Files\Common Files\Intel\WirelessCommon\;C:\Users\XL\AppData\Roaming\npm;D:\install\Microsoft VS Code\bin;

Yarn version: 
  1.22.10

Node version: 
  14.14.0

Platform: 
  win32 x64

Trace: 
  Error: ENOENT: no such file or directory, copyfile 'C:\Users\XL\AppData\Local\Yarn\Cache\v6\npm-safe-buffer-5.2.1-1eaf9fa9bdb1fdd4ec75f58f9cdb4e6b7827eec6-integrity\node_modules\safe-buffer\package.json' -> 'E:\Learning\small-demo\npm包\node_modules\archiver\node_modules\safe-buffer\package.json'

npm manifest: 
  {
    "name": "test",
    "version": "1.0.0",
    "description": "",
    "main": "ora.js",
    "scripts": {
      "test": "echo \"Error: no test specified\" && exit 1",
      "init-page": "node init-page.js -p"
    },
    "author": "xialei",
    "license": "ISC",
    "dependencies": {
      "archiver": "^3.0.0",
      "commander": "^2.20.0",
      "copy-template-dir": "^1.4.0",
      "node-schedule": "^1.3.2",
      "ora": "^3.4.0",
      "puppeteer": "^1.16.0",
      "readline": "^1.3.0"
    },
    "devDependencies": {
      "rimraf": "^2.6.3"
    }
  }

yarn manifest: 
  No manifest

Lockfile: 
  No lockfile
